{"content_length":"16","level":"info","message":"incoming-request","method":"GET","response_time":2.385,"status":200,"timestamp":"2024-08-29T02:43:50.089Z","url":"/"}
{"content_length":"34","level":"info","message":"incoming-request","method":"GET","response_time":0.489,"status":404,"timestamp":"2024-08-29T02:43:50.137Z","url":"/favicon.ico"}
{"content_length":"34","level":"info","message":"incoming-request","method":"GET","response_time":3.809,"status":404,"timestamp":"2024-08-29T03:03:44.255Z","url":"/ws"}
{"content_length":"34","level":"info","message":"incoming-request","method":"GET","response_time":0.346,"status":404,"timestamp":"2024-08-29T03:03:49.249Z","url":"/ws"}
{"content_length":"34","level":"info","message":"incoming-request","method":"GET","response_time":0.24,"status":404,"timestamp":"2024-08-29T03:03:58.250Z","url":"/ws"}
{"content_length":"0","level":"info","message":"incoming-request","method":"OPTIONS","response_time":0.882,"status":204,"timestamp":"2024-08-29T03:04:05.229Z","url":"/auth/signup"}
{"content_length":"32","level":"info","message":"incoming-request","method":"POST","response_time":664.497,"status":400,"timestamp":"2024-08-29T03:04:05.896Z","url":"/auth/signup"}
{"content_length":"34","level":"info","message":"incoming-request","method":"GET","response_time":0.423,"status":404,"timestamp":"2024-08-29T03:04:15.246Z","url":"/ws"}
{"content_length":"0","level":"info","message":"incoming-request","method":"OPTIONS","response_time":0.152,"status":204,"timestamp":"2024-08-29T03:04:48.184Z","url":"/auth/login/credential"}
{"content_length":"23","level":"info","message":"incoming-request","method":"POST","response_time":0.85,"status":400,"timestamp":"2024-08-29T03:04:48.187Z","url":"/auth/login/credential"}
{"content_length":"34","level":"info","message":"incoming-request","method":"GET","response_time":0.241,"status":404,"timestamp":"2024-08-29T03:04:48.250Z","url":"/ws"}
{"content_length":"34","level":"info","message":"incoming-request","method":"GET","response_time":0.408,"status":404,"timestamp":"2024-08-29T03:05:53.253Z","url":"/ws"}
{"content_length":"0","level":"info","message":"incoming-request","method":"OPTIONS","response_time":0.174,"status":204,"timestamp":"2024-08-29T03:07:44.857Z","url":"/auth/signup"}
{"content_length":"301","level":"info","message":"incoming-request","method":"POST","response_time":871.9,"status":200,"timestamp":"2024-08-29T03:07:45.732Z","url":"/auth/signup"}
{"content_length":"0","level":"info","message":"incoming-request","method":"OPTIONS","response_time":0.231,"status":204,"timestamp":"2024-08-29T03:07:54.279Z","url":"/auth/login/credential"}
{"content_length":"317","level":"info","message":"incoming-request","method":"POST","response_time":389.151,"status":200,"timestamp":"2024-08-29T03:07:54.672Z","url":"/auth/login/credential"}
{"content_length":"34","level":"info","message":"incoming-request","method":"GET","response_time":0.304,"status":404,"timestamp":"2024-08-29T03:08:02.251Z","url":"/ws"}
{"content_length":"34","level":"info","message":"incoming-request","method":"GET","response_time":1.987,"status":404,"timestamp":"2024-08-29T03:12:19.257Z","url":"/ws"}
{"content_length":"0","level":"info","message":"incoming-request","method":"OPTIONS","response_time":0.439,"status":204,"timestamp":"2024-08-29T03:12:40.753Z","url":"/recipegen"}
{"content_length":"876","level":"info","message":"incoming-request","method":"POST","response_time":5325.256,"status":200,"timestamp":"2024-08-29T03:12:46.082Z","url":"/recipegen"}
{"content_length":"34","level":"info","message":"incoming-request","method":"GET","response_time":1.955,"status":404,"timestamp":"2024-08-29T03:34:30.888Z","url":"/api"}
{"content_length":"16","level":"info","message":"incoming-request","method":"GET","response_time":1.914,"status":200,"timestamp":"2024-08-29T03:39:20.631Z","url":"/"}
{"content_length":"0","level":"info","message":"incoming-request","method":"OPTIONS","response_time":1.053,"status":204,"timestamp":"2024-08-29T03:42:07.124Z","url":"/auth/login/credential"}
{"content_length":"317","level":"info","message":"incoming-request","method":"POST","response_time":959.303,"status":200,"timestamp":"2024-08-29T03:42:08.101Z","url":"/auth/login/credential"}
